C51 COMPILER V9.01   1                                                                     03/30/2019 19:01:15 PAGE 1   


C51 COMPILER V9.01, COMPILATION OF MODULE 1
OBJECT MODULE PLACED IN 1.OBJ
COMPILER INVOKED BY: E:\KeilC51\C51\BIN\C51.EXE 1.c BROWSE DEBUG OBJECTEXTEND

line level    source

   1          #include <reg51.h>
   2          #include <intrins.h>
   3          #define uchar unsigned char
   4          #define uint unsigned int
   5          uchar code a[]={0xc0,0xf9,0xa4,0xb0,0x99,0x92,0x82,0xf8,0x80,0x90};
   6          uchar code b[]={0xc0,0xf9,0xa4,0xb0,0x99,0x92,0x82,0xf8,0x80,0x90};
   7          void delay(uint n)
   8           {
   9   1      uint i,j;                       
  10   1      for(i=0;i<n;i++)                
  11   1      for(j=0;j<123;j++);
  12   1        }
  13          void main()
  14          {       uchar i=0,j=0;
  15   1           P2=0xff;
  16   1       while(1)
  17   1       {      
  18   2             if(P1==0xfe&&i!=9)
  19   2             {delay(10);if(P1==0xfe);i++;P0=a[i],P0=b[i];}
  20   2                 if(P1==0xfe&&i==9)
  21   2             {delay(10);if(P1==0xfe);i=0,j++;P0=a[i],P0=b[i];}
  22   2                 if(P1==0xfd&&i!=0)
  23   2             {delay(10);if(P1==0xfe);i--;P0=a[i],P0=b[i];}
  24   2                      if(P1==0xfe&&i==0)
  25   2             {delay(10);if(P1==0xfe);i=9,j--;P0=a[i],P0=b[i];}
  26   2       } 
  27   1      
  28   1      }


MODULE INFORMATION:   STATIC OVERLAYABLE
   CODE SIZE        =    167    ----
   CONSTANT SIZE    =     20    ----
   XDATA SIZE       =   ----    ----
   PDATA SIZE       =   ----    ----
   DATA SIZE        =   ----       1
   IDATA SIZE       =   ----    ----
   BIT SIZE         =   ----    ----
END OF MODULE INFORMATION.


C51 COMPILATION COMPLETE.  0 WARNING(S),  0 ERROR(S)
