C51 COMPILER V9.01   9999                                                                  05/30/2019 16:44:43 PAGE 1   


C51 COMPILER V9.01, COMPILATION OF MODULE 9999
OBJECT MODULE PLACED IN 9999.OBJ
COMPILER INVOKED BY: C:\Keil\C51\BIN\C51.EXE 9999.c BROWSE DEBUG OBJECTEXTEND

line level    source

   1          #include<reg51.h>
   2          #define uchar unsigned char
   3          #define uint unsigned int
   4          
   5          sbit wr=P3^6;
   6          sbit rd=P3^2;
   7          sbit k1=P1^0;
   8          sbit k2=P1^1;
   9          void delay(uint n)
  10          {
  11   1              uint i,j;
  12   1              for(i=0;i<n;i++)
  13   1                      for(j=0;j<123;j++);
  14   1      }
  15          void init_DA0832()
  16          {
  17   1              rd=0;
  18   1              wr=0;
  19   1      }
  20          void Trapezoidal()
  21          {
  22   1              P2=0xff;
  23   1              do
  24   1              {
  25   2                      P2=P2+1;
  26   2              }while(P2<0xff);
  27   1              delay(2);
  28   1              do
  29   1              {
  30   2                      P2=P2-1;
  31   2              }while(P2>0); 
  32   1      }
  33          void Square()
  34          {
  35   1      P2=0;
  36   1      delay(70);
  37   1      P2=0xff;
  38   1      delay(60);
  39   1      }
  40          void main()
  41          {
  42   1              init_DA0832();
  43   1              if(k1==0)
  44   1              {
  45   2                      delay(5);
  46   2                      if(k1==0)
  47   2                      {
  48   3                              while(k1==0);
  49   3                              while(k2!=0)
  50   3                              Trapezoidal();
  51   3                      }
  52   2              }
  53   1              if(k2==0)
  54   1              {
  55   2                      delay(5);
C51 COMPILER V9.01   9999                                                                  05/30/2019 16:44:43 PAGE 2   

  56   2                      if(k2==0)
  57   2                      {
  58   3                              while(k2==0);
  59   3                              while(k1!=0)
  60   3                              Square();
  61   3                      }
  62   2              }       
  63   1      }


MODULE INFORMATION:   STATIC OVERLAYABLE
   CODE SIZE        =    135    ----
   CONSTANT SIZE    =   ----    ----
   XDATA SIZE       =   ----    ----
   PDATA SIZE       =   ----    ----
   DATA SIZE        =   ----    ----
   IDATA SIZE       =   ----    ----
   BIT SIZE         =   ----    ----
END OF MODULE INFORMATION.


C51 COMPILATION COMPLETE.  0 WARNING(S),  0 ERROR(S)
