C51 COMPILER V9.01   9                                                                     04/16/2019 21:36:29 PAGE 1   


C51 COMPILER V9.01, COMPILATION OF MODULE 9
OBJECT MODULE PLACED IN 9.OBJ
COMPILER INVOKED BY: E:\KeilC51\C51\BIN\C51.EXE 9.c BROWSE DEBUG OBJECTEXTEND

line level    source

   1          #include<reg51.h>
   2          #include<intrins.h>
   3          #define uchar unsigned char
   4          #define uint unsigned int
   5          #define out P0
   6          sbit RS=P2^0;
   7          sbit RW=P2^1;
   8          sbit E=P2^2     ;
   9          sbit s1=P1^0;
  10          sbit s2=P1^1;
  11          sbit s3=P1^2;
  12          uchar a[]="0123456789";
  13          uchar b[]="0123456789";
  14          void delay(uint i)
  15          {
  16   1              uchar x,y;
  17   1              for(x=0;x<i;x++)
  18   1                      for(y=0;y<123;y++);
  19   1      }
  20          
  21          void check_busy(void)
  22          {
  23   1        uchar dt;
  24   1        do
  25   1        {
  26   2            dt=0xff;
  27   2                E=0;
  28   2                RS=0;
  29   2                RW=1;
  30   2                E=1;
  31   2                dt=out;
  32   2        }while(dt&0x80);
  33   1        E=0;
  34   1      }
  35          void write_command(uchar com)
  36          {
  37   1        check_busy();
  38   1        E=0;
  39   1        RS=0;
  40   1        RW=0;
  41   1        out=com;
  42   1        E=1;
  43   1        _nop_( );
  44   1        E=0;
  45   1        delay(1);
  46   1      }
  47          void LCD_initial(void)
  48          {
  49   1        write_command(0x38);
  50   1        _nop_();
  51   1        write_command(0x0c);
  52   1        _nop_();
  53   1        write_command(0x06);
  54   1        _nop_();
  55   1        write_command(0x01);
C51 COMPILER V9.01   9                                                                     04/16/2019 21:36:29 PAGE 2   

  56   1        _nop_();
  57   1        delay(1);
  58   1      }
  59          void write_data(uchar dat)
  60          {
  61   1         check_busy();
  62   1            E=0;
  63   1                RS=1;
  64   1                RW=0;
  65   1                out=dat;
  66   1                E=1;
  67   1                _nop_( );
  68   1                E=0;
  69   1                delay(1);
  70   1      }
  71          void string(uchar ad,uchar *s)
  72          {
  73   1               write_command(ad);
  74   1               while(*s>0)
  75   1               {
  76   2                  write_data(*s++);
  77   2              
  78   2               }
  79   1      }
  80          void main(void)
  81          {
  82   1         char i,j;
  83   1         i=0;
  84   1         j=0; 
  85   1         LCD_initial( );
  86   1         
  87   1         string(0x80,"count: ");
  88   1         string(0xc0,"s1:+ s2:- s3:r");
  89   1      while(1)
  90   1      {
  91   2      if(P1==0xfe&&i!=9)
  92   2      {delay(10); if(P1==0xfe&&i!=9){while(P1==0xfe);
  93   4      i++;  } }
  94   2      if(P1==0xfd&&i!=0)
  95   2      i--;
  96   2      if(P1==0xfb)
  97   2      i=0;
  98   2      if(P1==0xfe&&i==9)
  99   2      j++,i=0;
 100   2      if(P1==0xfd&&i==0)
 101   2      j--,i=9;
 102   2      write_command(0x87);
 103   2      write_data(a[j]);
 104   2      write_command(0x88);
 105   2      write_data(a[i]); 
 106   2      }
 107   1      }


MODULE INFORMATION:   STATIC OVERLAYABLE
   CODE SIZE        =    307    ----
   CONSTANT SIZE    =     23    ----
   XDATA SIZE       =   ----    ----
   PDATA SIZE       =   ----    ----
   DATA SIZE        =     22       5
   IDATA SIZE       =   ----    ----
   BIT SIZE         =   ----    ----
C51 COMPILER V9.01   9                                                                     04/16/2019 21:36:29 PAGE 3   

END OF MODULE INFORMATION.


C51 COMPILATION COMPLETE.  0 WARNING(S),  0 ERROR(S)
